<?xml version="1.0" encoding="UTF-8"?>
<!-- Generated by org.testng.reporters.JUnitXMLReporter -->
<testsuite ignored="0" hostname="DESKTOP-8QIQ87H" failures="1" tests="5" name="Account Types" time="8.394" errors="0" timestamp="2023-07-06T12:02:03 PKT">
  <testcase classname="com.restassured.accounttypres.api.AccountTypesTestClass" name="create_and_update_account_type" time="4.164"/>
  <testcase classname="com.restassured.accounttypres.api.AccountTypesTestClass" name="create_new_account_type" time="2.31"/>
  <testcase classname="com.restassured.accounttypres.api.AccountTypesTestClass" name="get_all_account_types" time="0.749"/>
  <testcase classname="com.restassured.accounttypres.api.AccountTypesTestClass" name="negative_create_new_account_type" time="0.71"/>
  <testcase classname="com.restassured.accounttypres.api.AccountTypesTestClass" name="negative_getall_account_types" time="0.344">
    <failure type="java.lang.AssertionError" message="The Status code should be 400 expected [400] but found [500]">
      <![CDATA[java.lang.AssertionError: The Status code should be 400 expected [400] but found [500]
at com.restassured.accounttypres.api.AccountTypesTestClass.negative_getall_account_types(AccountTypesTestClass.java:285)
at java.base/java.util.ArrayList.forEach(ArrayList.java:1511)
... Removed 32 stack frames]]>
    </failure>
  </testcase> <!-- negative_getall_account_types -->
</testsuite> <!-- Account Types -->
