<?xml version="1.0" encoding="UTF-8"?>
<testng-results ignored="0" total="5" passed="4" failed="1" skipped="0">
  <reporter-output>
  </reporter-output>
  <suite started-at="2023-07-06T12:01:55 PKT" name="API" finished-at="2023-07-06T12:02:03 PKT" duration-ms="8394">
    <groups>
      <group name="Account_Type negative_accountType">
        <method signature="AccountTypesTestClass.negative_create_new_account_type()[pri:0, instance:com.restassured.accounttypres.api.AccountTypesTestClass@34bde49d]" name="negative_create_new_account_type" class="com.restassured.accounttypres.api.AccountTypesTestClass"/>
        <method signature="AccountTypesTestClass.negative_getall_account_types()[pri:0, instance:com.restassured.accounttypres.api.AccountTypesTestClass@34bde49d]" name="negative_getall_account_types" class="com.restassured.accounttypres.api.AccountTypesTestClass"/>
      </group> <!-- Account_Type negative_accountType -->
      <group name="Account_Type">
        <method signature="AccountTypesTestClass.create_and_update_account_type()[pri:0, instance:com.restassured.accounttypres.api.AccountTypesTestClass@34bde49d]" name="create_and_update_account_type" class="com.restassured.accounttypres.api.AccountTypesTestClass"/>
        <method signature="AccountTypesTestClass.create_new_account_type()[pri:0, instance:com.restassured.accounttypres.api.AccountTypesTestClass@34bde49d]" name="create_new_account_type" class="com.restassured.accounttypres.api.AccountTypesTestClass"/>
        <method signature="AccountTypesTestClass.get_all_account_types()[pri:0, instance:com.restassured.accounttypres.api.AccountTypesTestClass@34bde49d]" name="get_all_account_types" class="com.restassured.accounttypres.api.AccountTypesTestClass"/>
      </group> <!-- Account_Type -->
    </groups>
    <test started-at="2023-07-06T12:01:55 PKT" name="Account Types" finished-at="2023-07-06T12:02:03 PKT" duration-ms="8394">
      <class name="com.restassured.accounttypres.api.AccountTypesTestClass">
        <test-method is-config="true" signature="beforeMethod()[pri:0, instance:com.restassured.accounttypres.api.AccountTypesTestClass@34bde49d]" started-at="2023-07-06T12:01:55 PKT" name="beforeMethod" finished-at="2023-07-06T12:01:55 PKT" duration-ms="8" status="PASS">
          <reporter-output>
          </reporter-output>
        </test-method> <!-- beforeMethod -->
        <test-method signature="create_and_update_account_type()[pri:0, instance:com.restassured.accounttypres.api.AccountTypesTestClass@34bde49d]" started-at="2023-07-06T12:01:55 PKT" name="create_and_update_account_type" description="Create account type and update account type status to In-active" finished-at="2023-07-06T12:01:59 PKT" duration-ms="4164" status="PASS">
          <reporter-output>
          </reporter-output>
        </test-method> <!-- create_and_update_account_type -->
        <test-method is-config="true" signature="beforeMethod()[pri:0, instance:com.restassured.accounttypres.api.AccountTypesTestClass@34bde49d]" started-at="2023-07-06T12:01:59 PKT" name="beforeMethod" finished-at="2023-07-06T12:01:59 PKT" duration-ms="1" status="PASS">
          <reporter-output>
          </reporter-output>
        </test-method> <!-- beforeMethod -->
        <test-method signature="create_new_account_type()[pri:0, instance:com.restassured.accounttypres.api.AccountTypesTestClass@34bde49d]" started-at="2023-07-06T12:01:59 PKT" name="create_new_account_type" description="Create account and verify that created account from get accounts types API" finished-at="2023-07-06T12:02:01 PKT" duration-ms="2310" status="PASS">
          <reporter-output>
          </reporter-output>
        </test-method> <!-- create_new_account_type -->
        <test-method is-config="true" signature="beforeMethod()[pri:0, instance:com.restassured.accounttypres.api.AccountTypesTestClass@34bde49d]" started-at="2023-07-06T12:02:01 PKT" name="beforeMethod" finished-at="2023-07-06T12:02:01 PKT" duration-ms="1" status="PASS">
          <reporter-output>
          </reporter-output>
        </test-method> <!-- beforeMethod -->
        <test-method signature="get_all_account_types()[pri:0, instance:com.restassured.accounttypres.api.AccountTypesTestClass@34bde49d]" started-at="2023-07-06T12:02:01 PKT" name="get_all_account_types" description="Verify Mandatory Filters on Get all account types API" finished-at="2023-07-06T12:02:02 PKT" duration-ms="749" status="PASS">
          <reporter-output>
          </reporter-output>
        </test-method> <!-- get_all_account_types -->
        <test-method is-config="true" signature="beforeMethod()[pri:0, instance:com.restassured.accounttypres.api.AccountTypesTestClass@34bde49d]" started-at="2023-07-06T12:02:02 PKT" name="beforeMethod" finished-at="2023-07-06T12:02:02 PKT" duration-ms="0" status="PASS">
          <reporter-output>
          </reporter-output>
        </test-method> <!-- beforeMethod -->
        <test-method signature="negative_create_new_account_type()[pri:0, instance:com.restassured.accounttypres.api.AccountTypesTestClass@34bde49d]" started-at="2023-07-06T12:02:02 PKT" name="negative_create_new_account_type" description="Verify that create API should not respond when bearer token is not provided" finished-at="2023-07-06T12:02:03 PKT" duration-ms="710" status="PASS">
          <reporter-output>
          </reporter-output>
        </test-method> <!-- negative_create_new_account_type -->
        <test-method is-config="true" signature="beforeMethod()[pri:0, instance:com.restassured.accounttypres.api.AccountTypesTestClass@34bde49d]" started-at="2023-07-06T12:02:03 PKT" name="beforeMethod" finished-at="2023-07-06T12:02:03 PKT" duration-ms="1" status="PASS">
          <reporter-output>
          </reporter-output>
        </test-method> <!-- beforeMethod -->
        <test-method signature="negative_getall_account_types()[pri:0, instance:com.restassured.accounttypres.api.AccountTypesTestClass@34bde49d]" started-at="2023-07-06T12:02:03 PKT" name="negative_getall_account_types" description="Verify that get API should not respond when bearer token is not provided" finished-at="2023-07-06T12:02:03 PKT" duration-ms="344" status="FAIL">
          <exception class="java.lang.AssertionError">
            <message>
              <![CDATA[The Status code should be 400 expected [400] but found [500]]]>
            </message>
            <full-stacktrace>
              <![CDATA[java.lang.AssertionError: The Status code should be 400 expected [400] but found [500]
at org.testng.Assert.fail(Assert.java:99)
at org.testng.Assert.failNotEquals(Assert.java:1037)
at org.testng.Assert.assertEqualsImpl(Assert.java:140)
at org.testng.Assert.assertEquals(Assert.java:122)
at org.testng.Assert.assertEquals(Assert.java:907)
at com.restassured.accounttypres.api.AccountTypesTestClass.negative_getall_account_types(AccountTypesTestClass.java:285)
at java.base/jdk.internal.reflect.NativeMethodAccessorImpl.invoke0(Native Method)
at java.base/jdk.internal.reflect.NativeMethodAccessorImpl.invoke(NativeMethodAccessorImpl.java:77)
at java.base/jdk.internal.reflect.DelegatingMethodAccessorImpl.invoke(DelegatingMethodAccessorImpl.java:43)
at java.base/java.lang.reflect.Method.invoke(Method.java:568)
at org.testng.internal.MethodInvocationHelper.invokeMethod(MethodInvocationHelper.java:133)
at org.testng.internal.TestInvoker.invokeMethod(TestInvoker.java:598)
at org.testng.internal.TestInvoker.invokeTestMethod(TestInvoker.java:173)
at org.testng.internal.MethodRunner.runInSequence(MethodRunner.java:46)
at org.testng.internal.TestInvoker$MethodInvocationAgent.invoke(TestInvoker.java:824)
at org.testng.internal.TestInvoker.invokeTestMethods(TestInvoker.java:146)
at org.testng.internal.TestMethodWorker.invokeTestMethods(TestMethodWorker.java:146)
at org.testng.internal.TestMethodWorker.run(TestMethodWorker.java:128)
at java.base/java.util.ArrayList.forEach(ArrayList.java:1511)
at org.testng.TestRunner.privateRun(TestRunner.java:794)
at org.testng.TestRunner.run(TestRunner.java:596)
at org.testng.SuiteRunner.runTest(SuiteRunner.java:377)
at org.testng.SuiteRunner.runSequentially(SuiteRunner.java:371)
at org.testng.SuiteRunner.privateRun(SuiteRunner.java:332)
at org.testng.SuiteRunner.run(SuiteRunner.java:276)
at org.testng.SuiteRunnerWorker.runSuite(SuiteRunnerWorker.java:53)
at org.testng.SuiteRunnerWorker.run(SuiteRunnerWorker.java:96)
at org.testng.TestNG.runSuitesSequentially(TestNG.java:1212)
at org.testng.TestNG.runSuitesLocally(TestNG.java:1134)
at org.testng.TestNG.runSuites(TestNG.java:1063)
at org.testng.TestNG.run(TestNG.java:1031)
at org.testng.remote.AbstractRemoteTestNG.run(AbstractRemoteTestNG.java:115)
at org.testng.remote.RemoteTestNG.initAndRun(RemoteTestNG.java:251)
at org.testng.remote.RemoteTestNG.main(RemoteTestNG.java:77)
]]>
            </full-stacktrace>
          </exception> <!-- java.lang.AssertionError -->
          <reporter-output>
          </reporter-output>
        </test-method> <!-- negative_getall_account_types -->
      </class> <!-- com.restassured.accounttypres.api.AccountTypesTestClass -->
    </test> <!-- Account Types -->
  </suite> <!-- API -->
</testng-results>
